[2016.03.13-21.20.55:079][  0]Log file open, 03/13/16 16:20:55
[2016.03.13-21.20.55:080][  0]LogInit:Display: Running engine for game: MyHouse
[2016.03.13-21.20.55:080][  0]LogPlatformFile: Not using cached read wrapper
[2016.03.13-21.20.55:080][  0]LogInit:Display: RandInit(-633924223) SRandInit(-633924223).
[2016.03.13-21.20.55:080][  0]LogTaskGraph: Started task graph with 4 named threads and 5 total threads.
[2016.03.13-21.20.55:080][  0]LogStats: Stats thread started at 0.056869
[2016.03.13-21.20.55:080][  0]LogInit: Version: 4.10.4-2872498+++depot+UE4-Releases+4.10
[2016.03.13-21.20.55:080][  0]LogInit: API Version: 2758231
[2016.03.13-21.20.55:080][  0]LogInit: Compiled (64-bit): Feb 18 2016 15:47:04
[2016.03.13-21.20.55:080][  0]LogInit: Compiled with Visual C++: 19.00.23026.00
[2016.03.13-21.20.55:080][  0]LogInit: Build Configuration: Development
[2016.03.13-21.20.55:080][  0]LogInit: Branch Name: ++depot+UE4-Releases+4.10
[2016.03.13-21.20.55:080][  0]LogInit: Command line: 
[2016.03.13-21.20.55:080][  0]LogInit: Base directory: C:/Program Files (x86)/Epic Games/4.10/Engine/Binaries/Win64/
[2016.03.13-21.20.55:080][  0]LogInit: Rocket: 1
[2016.03.13-21.20.55:087][  0]LogInit: Using libcurl 7.41.0
[2016.03.13-21.20.55:087][  0]LogInit:  - built for x86_64-pc-win32
[2016.03.13-21.20.55:087][  0]LogInit:  - supports SSL with WinSSL
[2016.03.13-21.20.55:087][  0]LogInit:  - other features:
[2016.03.13-21.20.55:087][  0]LogInit:      CURL_VERSION_SSL
[2016.03.13-21.20.55:087][  0]LogInit:      CURL_VERSION_IPV6
[2016.03.13-21.20.55:087][  0]LogInit:      CURL_VERSION_ASYNCHDNS
[2016.03.13-21.20.55:087][  0]LogInit:      CURL_VERSION_LARGEFILE
[2016.03.13-21.20.55:087][  0]LogInit:      CURL_VERSION_IDN
[2016.03.13-21.20.55:087][  0]LogInit:  CurlRequestOptions (configurable via config and command line):
[2016.03.13-21.20.55:087][  0]LogInit:  - bVerifyPeer = true  - Libcurl will verify peer certificate
[2016.03.13-21.20.55:087][  0]LogInit:  - bUseHttpProxy = false  - Libcurl will NOT use HTTP proxy
[2016.03.13-21.20.55:087][  0]LogInit:  - bDontReuseConnections = false  - Libcurl will reuse connections
[2016.03.13-21.20.55:087][  0]LogInit:  - CertBundlePath = nullptr  - Libcurl will use whatever was configured at build time.
[2016.03.13-21.20.55:095][  0]LogInit: Presizing for 0 objects not considered by GC, pre-allocating 0 bytes.
[2016.03.13-21.20.55:113][  0]LogInit: Object subsystem initialized
[2016.03.13-21.20.55:115][  0]LogInit: Selected Device Profile: [Windows]
[2016.03.13-21.20.55:115][  0]LogInit: Applying CVar settings loaded from the selected device profile: [Windows]
[2016.03.13-21.20.55:131][  0]LogInit: Computer: MEHAR
[2016.03.13-21.20.55:131][  0]LogInit: User: Mehar1
[2016.03.13-21.20.55:131][  0]LogInit: CPU Page size=4096, Cores=2
[2016.03.13-21.20.55:131][  0]LogInit: High frequency timer resolution =1.753756 MHz
[2016.03.13-21.20.55:131][  0]LogMemory: Memory total: Physical=15.9GB (16GB approx)
[2016.03.13-21.20.55:131][  0]LogMemory: Platform Memory Stats for Windows
[2016.03.13-21.20.55:131][  0]LogMemory: Process Physical Memory: 54.11 MB used, 54.11 MB peak
[2016.03.13-21.20.55:131][  0]LogMemory: Process Virtual Memory: 57.51 MB used, 57.51 MB peak
[2016.03.13-21.20.55:131][  0]LogMemory: Physical Memory: 3561.73 MB used, 16282.57 MB total
[2016.03.13-21.20.55:131][  0]LogMemory: Virtual Memory: 360.72 MB used, 134217728.00 MB total
[2016.03.13-21.20.55:170][  0]LogTextLocalizationManager: No specific translations for ('en-US') exist, so ('en') translations will be used.
[2016.03.13-21.20.55:763][  0]LogD3D11RHI: Found D3D11 adapter 0: Intel(R) HD Graphics Family (Feature Level 11_0)
[2016.03.13-21.20.55:763][  0]LogD3D11RHI: Adapter has 0MB of dedicated video memory, 0MB of dedicated system memory, and 1792MB of shared system memory, 1 output[s]
[2016.03.13-21.20.55:777][  0]LogD3D11RHI: Found D3D11 adapter 1: NVIDIA GeForce GT 750M     (Feature Level 11_0)
[2016.03.13-21.20.55:777][  0]LogD3D11RHI: Adapter has 1988MB of dedicated video memory, 0MB of dedicated system memory, and 2048MB of shared system memory, 0 output[s]
[2016.03.13-21.20.55:778][  0]LogD3D11RHI: Found D3D11 adapter 2: Microsoft Basic Render Driver (Feature Level 11_0)
[2016.03.13-21.20.55:778][  0]LogD3D11RHI: Adapter has 0MB of dedicated video memory, 0MB of dedicated system memory, and 256MB of shared system memory, 0 output[s]
[2016.03.13-21.20.55:778][  0]LogD3D11RHI: Chosen D3D11 Adapter Id = 0
[2016.03.13-21.20.55:783][  0]LogD3D11RHI: !Direct3DDevice
[2016.03.13-21.20.55:784][  0]LogRHI: Texture pool is 1361 MB (70% of 1945 MB)
[2016.03.13-21.20.55:797][  0]LogD3D11RHI: Async texture creation enabled
[2016.03.13-21.20.55:808][  0]LogShaderCompilers: Guid format shader working directory is 1 characters bigger than the processId version (../../../../../../Users/Mehar1/Desktop/MyHouse/Intermediate/Shaders/WorkingDirectory/5988/).
[2016.03.13-21.20.55:808][  0]LogShaderCompilers: Cleaned the shader compiler working directory 'C:/Users/Mehar1/AppData/Local/Temp/UnrealShaderWorkingDir/7511AF9B455D664138D5448CF72DDE0B/'.
[2016.03.13-21.20.55:808][  0]LogShaderCompilers:Display: Using Local Shader Compiler.
[2016.03.13-21.20.56:850][  0]LogTemp:Display: Loaded TP AllDesktopTargetPlatform
[2016.03.13-21.20.56:854][  0]LogTemp:Display: Loaded TP WindowsClientTargetPlatform
[2016.03.13-21.20.56:858][  0]LogTemp:Display: Loaded TP WindowsNoEditorTargetPlatform
[2016.03.13-21.20.56:862][  0]LogTemp:Display: Loaded TP WindowsServerTargetPlatform
[2016.03.13-21.20.56:866][  0]LogTemp:Display: Loaded TP WindowsTargetPlatform
[2016.03.13-21.20.56:869][  0]LogTemp:Display: Loaded TP AndroidTargetPlatform
[2016.03.13-21.20.56:873][  0]LogTemp:Display: Loaded TP Android_ASTCTargetPlatform
[2016.03.13-21.20.56:875][  0]LogTemp:Display: Loaded TP Android_ATCTargetPlatform
[2016.03.13-21.20.56:879][  0]LogTemp:Display: Loaded TP Android_DXTTargetPlatform
[2016.03.13-21.20.56:881][  0]LogTemp:Display: Loaded TP Android_ETC1TargetPlatform
[2016.03.13-21.20.56:885][  0]LogTemp:Display: Loaded TP Android_ETC2TargetPlatform
[2016.03.13-21.20.56:892][  0]LogTemp:Display: Loaded TP Android_MultiTargetPlatform
[2016.03.13-21.20.56:892][  0]LogTemp:Display: Loaded TP Android_PVRTCTargetPlatform
[2016.03.13-21.20.56:893][  0]LogTemp:Display: Loaded TP HTML5TargetPlatform
[2016.03.13-21.20.56:909][  0]LogTemp:Display: Loaded TP IOSTargetPlatform
[2016.03.13-21.20.56:912][  0]LogTemp:Display: Loaded TP LinuxNoEditorTargetPlatform
[2016.03.13-21.20.56:916][  0]LogTemp:Display: Loaded TP LinuxServerTargetPlatform
[2016.03.13-21.20.56:919][  0]LogTemp:Display: Loaded TP LinuxTargetPlatform
[2016.03.13-21.20.56:919][  0]LogTargetPlatformManager:Display: Building Assets For Windows
[2016.03.13-21.20.56:970][  0]LogDerivedDataCache:Display: Max Cache Size: 512 MB
[2016.03.13-21.20.57:015][  0]LogDerivedDataCache: Loaded boot cache 0.05s 41MB C:/Users/Mehar1/AppData/Local/UnrealEngine/4.10/DerivedDataCache/Boot.ddc.
[2016.03.13-21.20.57:015][  0]LogDerivedDataCache:Display: Loaded Boot cache: C:/Users/Mehar1/AppData/Local/UnrealEngine/4.10/DerivedDataCache/Boot.ddc
[2016.03.13-21.20.57:015][  0]LogDerivedDataCache: FDerivedDataBackendGraph:  Pak pak cache file ../../../../../../Users/Mehar1/Desktop/MyHouse/DerivedDataCache/DDC.ddp not found, will not use a pak cache.
[2016.03.13-21.20.57:015][  0]LogDerivedDataCache: Unable to find inner node Pak for hierarchical cache Hierarchy.
[2016.03.13-21.20.57:015][  0]LogDerivedDataCache: FDerivedDataBackendGraph:  CompressedPak pak cache file ../../../../../../Users/Mehar1/Desktop/MyHouse/DerivedDataCache/Compressed.ddp not found, will not use a pak cache.
[2016.03.13-21.20.57:015][  0]LogDerivedDataCache: Unable to find inner node CompressedPak for hierarchical cache Hierarchy.
[2016.03.13-21.20.57:079][  0]LogDerivedDataCache:Display: Pak cache opened for reading ../../../Engine/DerivedDataCache/Compressed.ddp.
[2016.03.13-21.20.57:091][  0]LogDerivedDataCache: Using Local data cache path C:/Users/Mehar1/AppData/Local/UnrealEngine/Common/DerivedDataCache: Writable
[2016.03.13-21.20.57:256][  0]LogInit: Selected Device Profile: [Windows]
[2016.03.13-21.20.57:259][  0]LogContentStreaming: Texture pool size is 0.000000MB
[2016.03.13-21.20.57:362][  0]LogMeshUtilities: No automatic mesh reduction module available
[2016.03.13-21.20.57:362][  0]LogMeshUtilities: No automatic mesh merging module available
[2016.03.13-21.20.57:633][  0]LogInit: WinSock: version 1.1 (2.2), MaxSocks=32767, MaxUdp=65467
[2016.03.13-21.20.58:310][  0]UdpMessaging: Initializing bridge on interface 0.0.0.0:0 to multicast group 230.0.0.1:6666.
[2016.03.13-21.20.58:427][  0]LogAssetRegistry: FAssetRegistry took 0.0112 seconds to start up
[2016.03.13-21.20.58:629][  0]SourceControl: Info Source control is disabled
[2016.03.13-21.20.58:629][  0]SourceControl: Info Source control is disabled
[2016.03.13-21.20.58:639][  0]SourceControl: Info Source control is disabled
[2016.03.13-21.20.58:647][  0]SourceControl: Info Source control is disabled
[2016.03.13-21.20.58:815][  0]LogObj: 28633 objects as part of root set at end of initial load.
[2016.03.13-21.20.58:815][  0]LogUObjectAllocator: 6099752 out of 0 bytes used by permanent object pool.
[2016.03.13-21.20.58:866][  0]LogEngine: Initializing Engine...
[2016.03.13-21.20.58:869][  0]LogHMD: Can't find Oculus library dev build: is proper Runtime installed? Version: 0.8.0.0
[2016.03.13-21.20.58:869][  0]LogHMD: SteamVR failed to initialize.  Err: 110
[2016.03.13-21.20.58:980][  0]LogAIModule: Creating AISystem for world NewWorld
[2016.03.13-21.20.58:983][  0]LogInit: XAudio2 using 'Speakers / Headphones (Realtek High Definition Audio)' : 2 channels at 48 kHz using 32 bits per sample (channel mask 0x3)
[2016.03.13-21.20.59:050][  0]LogInit: FAudioDevice initialized.
[2016.03.13-21.20.59:071][  0]LogDerivedDataCache: Saved boot cache 0.02s 41MB C:/Users/Mehar1/AppData/Local/UnrealEngine/4.10/DerivedDataCache/Boot.ddc.
[2016.03.13-21.20.59:073][  0]LogInit: Texture streaming: Enabled
[2016.03.13-21.20.59:076][  0]LogAnalytics: Creating configured Analytics provider AnalyticsET
[2016.03.13-21.20.59:076][  0]LogAnalytics: [UEEditor.Rocket.Release] APIServer = http://et2.epicgames.com/ET2/. AppVersion = 4.10.4-2872498+++depot+UE4-Releases+4.10
[2016.03.13-21.20.59:076][  0]LogAnalytics: [UEEditor.Rocket.Release] SetUserId 3c13054649062b193d5a9e89ebd1717f|8e2902c0af79495588ceba4a3a89f4c3|50572813-e7c0-45b5-bf1d-11ce3a37409f
[2016.03.13-21.20.59:076][  0]LogAnalytics: [UEEditor.Rocket.Release] AnalyticsET::StartSession
[2016.03.13-21.20.59:083][  0]LogInit: Transaction tracking system initialized
[2016.03.13-21.20.59:097][  0]BlueprintLog: New page: Editor Load
[2016.03.13-21.20.59:143][  0]LocalizationService: Info Localization service is disabled
[2016.03.13-21.20.59:196][  0]LogConsoleResponse:Display: 
[2016.03.13-21.20.59:316][  0]LogCook:Display: Done creating registry. It took  0.00s.
[2016.03.13-21.20.59:356][  0]LogFileCache: Scanning file cache for directory 'C:/Users/Mehar1/Desktop/MyHouse/Content/' took 0.01s
[2016.03.13-21.20.59:356][  0]SourceControl: Info Source control is disabled
[2016.03.13-21.20.59:356][  0]Cmd: MAP LOAD FILE="../../../../../../Users/Mehar1/Desktop/MyHouse/Content/FirstPersonBP/Maps/FirstPersonExampleMap.umap" TEMPLATE=0 SHOWPROGRESS=1 FEATURELEVEL=3
[2016.03.13-21.20.59:356][  0]LightingResults: New page: Lighting Build
[2016.03.13-21.20.59:358][  0]MapCheck: New page: Map Check
[2016.03.13-21.20.59:358][  0]LightingResults: New page: Lighting Build
[2016.03.13-21.20.59:376][  0]LogParticles: Destroying 0 GPU particle simulations for FXSystem 0x0000003DCCC9B6A0
[2016.03.13-21.20.59:485][  0]LogLinker:Warning: Asset '../../../../../../Users/Mehar1/Desktop/MyHouse/Content/FirstPerson/Meshes/FirstPersonProjectileMesh.uasset' has been saved with empty engine version. The asset will be loaded but may be incompatible.
[2016.03.13-21.20.59:820][  0]LogAIModule: Creating AISystem for world FirstPersonExampleMap
[2016.03.13-21.20.59:830][  0]LogEditorServer: Finished looking for orphan Actors (0.000 secs)
[2016.03.13-21.20.59:830][  0]Cmd: MAP CHECKDEP NOCLEARLOG
[2016.03.13-21.20.59:887][  0]MapCheck: Info Map check complete: 0 Error(s), 0 Warning(s), took 56.138ms to complete.
[2016.03.13-21.20.59:887][  0]LogFileHelpers: Loading map 'FirstPersonExampleMap' took 0.531
[2016.03.13-21.21.00:019][  0]LogCollectionManager: Loaded 0 collections in 0.000899 seconds
[2016.03.13-21.21.00:057][  0]LogFileCache: Scanning file cache for directory 'C:/Users/Mehar1/Desktop/MyHouse/Saved/Collections/' took 0.01s
[2016.03.13-21.21.00:057][  0]LogFileCache: Scanning file cache for directory 'C:/Users/Mehar1/Desktop/MyHouse/Content/Developers/Mehar1/Collections/' took 0.01s
[2016.03.13-21.21.00:057][  0]LogFileCache: Scanning file cache for directory 'C:/Users/Mehar1/Desktop/MyHouse/Content/Collections/' took 0.01s
[2016.03.13-21.21.00:057][  0]LogCollectionManager: Rebuilt the GUID cache for 0 collections in 0.000002 seconds
[2016.03.13-21.21.00:064][  0]LogContentBrowser: Native class hierarchy populated in 0.0071 seconds. Added 1893 classes and 338 folders.
[2016.03.13-21.21.00:068][  0]LogContentBrowser: Native class hierarchy updated for 'WidgetCarousel' in 0.0003 seconds. Added 0 classes and 0 folders.
[2016.03.13-21.21.00:104][  0]LogContentBrowser: Native class hierarchy updated for 'AddContentDialog' in 0.0003 seconds. Added 0 classes and 0 folders.
[2016.03.13-21.21.00:107][  0]LogContentBrowser: Native class hierarchy updated for 'SceneOutliner' in 0.0003 seconds. Added 1 classes and 2 folders.
[2016.03.13-21.21.00:124][  0]LogCrashTracker: Crashtracker disabled due to settings.
[2016.03.13-21.21.00:128][  0]LogUObjectGlobals:Warning: Failed to find object 'Class None.'
[2016.03.13-21.21.00:151][  0]LogLoad: Full Startup: 5.58 seconds (BP compile: 0.10 seconds)
[2016.03.13-21.21.00:161][  0]LogWindowsTextInputMethodSystem:Display: IME system now deactivated.
[2016.03.13-21.21.00:161][  0]LogWindowsTextInputMethodSystem:Display: IME system now deactivated.
[2016.03.13-21.21.00:164][  0]LogOcInput: Can't find Oculus library dev build: is proper Runtime installed? Version: 0.8.0.0
[2016.03.13-21.21.00:211][  0]LogContentStreaming: Texture pool size now 1000 MB
[2016.03.13-21.21.00:347][  0]LogRenderer: Reallocating scene render targets to support 1208x572 (Frame:2).
[2016.03.13-21.21.01:168][  5]LogAssetRegistry: Asset discovery search completed in 2.7520 seconds
[2016.03.13-21.21.01:168][  5]LogCollectionManager: Rebuilt the object cache for 0 collections in 0.000001 seconds (found 0 objects)
[2016.03.13-21.21.01:168][  5]LogCollectionManager: Fixed up redirectors for 0 collections in 0.000029 seconds (updated 0 objects)
[2016.03.13-21.21.07:559][273]Cmd: MAP LOAD FILE="../../../../../../Users/Mehar1/Desktop/MyHouse/Content/MyHouse.umap" TEMPLATE=0 SHOWPROGRESS=1 FEATURELEVEL=3
[2016.03.13-21.21.07:591][273]LightingResults: New page: Lighting Build
[2016.03.13-21.21.07:607][273]LoadErrors: New page: Loading map: MyHouse.umap
[2016.03.13-21.21.07:608][273]MapCheck: New page: Map Check
[2016.03.13-21.21.07:608][273]LightingResults: New page: Lighting Build
[2016.03.13-21.21.07:628][273]LogParticles: Destroying 0 GPU particle simulations for FXSystem 0x0000003DCECC49A0
[2016.03.13-21.21.07:649][273]LogAIModule: Creating AISystem for world MyHouse
[2016.03.13-21.21.07:661][273]LogEditorServer: Finished looking for orphan Actors (0.000 secs)
[2016.03.13-21.21.07:696][273]Cmd: MAP CHECKDEP NOCLEARLOG
[2016.03.13-21.21.07:746][273]MapCheck: Info Map check complete: 0 Error(s), 0 Warning(s), took 49.603ms to complete.
[2016.03.13-21.21.07:746][273]LogFileHelpers: Loading map 'MyHouse' took 0.189
[2016.03.13-21.21.09:126][310]LogEditorViewport: Clicking on Actor (LMB): StaticMeshActor (door1)
[2016.03.13-21.21.09:956][331]Cmd: DELETE
[2016.03.13-21.21.09:956][331]Cmd: ACTOR DELETE
[2016.03.13-21.21.09:960][331]LogEditorActor: Deleted Actor: StaticMeshActor
[2016.03.13-21.21.09:999][331]LogEditorActor: Deleted 1 Actors (0.043 secs)
[2016.03.13-21.21.14:777][453]Cmd: BRUSH ADD SELECTNEWBRUSH
[2016.03.13-21.23.20:236][605]Cmd: SELECT NONE
[2016.03.13-21.25.12:458][  5]LogEditorViewport: Clicking on Actor (LMB): StaticMeshActor (wall1)
[2016.03.13-21.28.11:719][766]LogPlayLevel: PlayLevel: No blueprints needed recompiling
[2016.03.13-21.28.11:720][766]PIE: New page: PIE session: MyHouse (Mar 13, 2016, 11:28:11 AM)
[2016.03.13-21.28.11:720][766]LogPlayLevel: Creating play world package: /Game/UEDPIE_0_MyHouse
[2016.03.13-21.28.11:725][766]LogPlayLevel: PIE: StaticDuplicateObject took: (0.004940s)
[2016.03.13-21.28.11:726][766]LogAIModule: Creating AISystem for world MyHouse
[2016.03.13-21.28.11:727][766]LogPlayLevel: PIE: World Init took: (0.001721s)
[2016.03.13-21.28.11:727][766]LogPlayLevel: PIE: Created PIE world by copying editor world from /Game/MyHouse.MyHouse to /Game/UEDPIE_0_MyHouse.MyHouse (0.007094s)
[2016.03.13-21.28.11:780][766]LogInit: XAudio2 using 'Speakers / Headphones (Realtek High Definition Audio)' : 2 channels at 48 kHz using 32 bits per sample (channel mask 0x3)
[2016.03.13-21.28.11:794][766]LogInit: FAudioDevice initialized.
[2016.03.13-21.28.11:861][766]LogLinker:Warning: Asset '../../../../../../Users/Mehar1/Desktop/MyHouse/Content/FirstPersonBP/Blueprints/FirstPersonHUD.uasset' has been saved with empty engine version. The asset will be loaded but may be incompatible.
[2016.03.13-21.28.11:912][766]LogWorld: Game class is 'FirstPersonGameMode_C'
[2016.03.13-21.28.11:918][766]LogWorld: Bringing World /Game/UEDPIE_0_MyHouse.MyHouse up for play (max tick rate 0) at 2016.03.13-16.28.11
[2016.03.13-21.28.11:918][766]LogActor:Warning: GameSession /Game/UEDPIE_0_MyHouse.MyHouse:PersistentLevel.GameSession_0 has natively added scene component(s), but none of them were set as the actor's RootComponent - picking one arbitrarily
[2016.03.13-21.28.11:918][766]LogActor:Warning: GameNetworkManager /Game/UEDPIE_0_MyHouse.MyHouse:PersistentLevel.GameNetworkManager_0 has natively added scene component(s), but none of them were set as the actor's RootComponent - picking one arbitrarily
[2016.03.13-21.28.11:918][766]LogWorld: Bringing up level for play took: 0.004563
[2016.03.13-21.28.11:924][766]PIE: Info Play in editor start time for /Game/UEDPIE_0_MyHouse -0.088
[2016.03.13-21.28.13:367][797]LogParticles: Destroying 0 GPU particle simulations for FXSystem 0x0000003DB17160C0
[2016.03.13-21.28.20:614][947]LogEditorActor: Deleted Actor: Brush
[2016.03.13-21.28.20:679][947]LogEditorActor: Deleted 1 Actors (0.066 secs)
[2016.03.13-21.29.49:255][  3]LogPlayLevel: PlayLevel: No blueprints needed recompiling
[2016.03.13-21.29.49:255][  3]PIE: New page: PIE session: MyHouse (Mar 13, 2016, 11:29:49 AM)
[2016.03.13-21.29.49:255][  3]LogPlayLevel: Creating play world package: /Game/UEDPIE_0_MyHouse
[2016.03.13-21.29.49:259][  3]LogPlayLevel: PIE: StaticDuplicateObject took: (0.003181s)
[2016.03.13-21.29.49:260][  3]LogAIModule: Creating AISystem for world MyHouse
[2016.03.13-21.29.49:260][  3]LogPlayLevel: PIE: World Init took: (0.001525s)
[2016.03.13-21.29.49:260][  3]LogPlayLevel: PIE: Created PIE world by copying editor world from /Game/MyHouse.MyHouse to /Game/UEDPIE_0_MyHouse.MyHouse (0.005012s)
[2016.03.13-21.29.49:321][  3]LogInit: XAudio2 using 'Speakers / Headphones (Realtek High Definition Audio)' : 2 channels at 48 kHz using 32 bits per sample (channel mask 0x3)
[2016.03.13-21.29.49:338][  3]LogInit: FAudioDevice initialized.
[2016.03.13-21.29.49:381][  3]LogWorld: Game class is 'FirstPersonGameMode_C'
[2016.03.13-21.29.49:386][  3]LogWorld: Bringing World /Game/UEDPIE_0_MyHouse.MyHouse up for play (max tick rate 0) at 2016.03.13-16.29.49
[2016.03.13-21.29.49:386][  3]LogActor:Warning: GameSession /Game/UEDPIE_0_MyHouse.MyHouse:PersistentLevel.GameSession_1 has natively added scene component(s), but none of them were set as the actor's RootComponent - picking one arbitrarily
[2016.03.13-21.29.49:386][  3]LogActor:Warning: GameNetworkManager /Game/UEDPIE_0_MyHouse.MyHouse:PersistentLevel.GameNetworkManager_1 has natively added scene component(s), but none of them were set as the actor's RootComponent - picking one arbitrarily
[2016.03.13-21.29.49:387][  3]LogWorld: Bringing up level for play took: 0.004501
[2016.03.13-21.29.49:392][  3]PIE: Info Play in editor start time for /Game/UEDPIE_0_MyHouse -0.621
[2016.03.13-21.29.50:101][ 15]LogParticles: Destroying 0 GPU particle simulations for FXSystem 0x0000003DBB7956C0
[2016.03.13-21.30.34:491][155]Cmd: DELETE
[2016.03.13-21.30.34:491][155]Cmd: ACTOR DELETE
[2016.03.13-21.30.34:493][155]LogEditorActor: Deleted Actor: Brush
[2016.03.13-21.30.34:544][155]LogEditorActor: Deleted 1 Actors (0.053 secs)
[2016.03.13-21.30.41:411][318]Cmd: BRUSH SUBTRACT SELECTNEWBRUSH
[2016.03.13-21.31.10:415][962]LogWindowsTextInputMethodSystem:Display: IME system now deactivated.
[2016.03.13-21.31.10:415][962]LogWindowsTextInputMethodSystem:Display: IME system now deactivated.
[2016.03.13-21.31.10:637][963]Cmd: QUIT_EDITOR
[2016.03.13-21.31.10:913][963]LogExit: Preparing to exit.
[2016.03.13-21.31.11:761][963]LogExit: Editor shut down
[2016.03.13-21.31.11:761][963]LogExit: Transaction tracking system shut down
[2016.03.13-21.31.11:762][963]LogParticles: Destroying 0 GPU particle simulations for FXSystem 0x0000003DBB895A80
[2016.03.13-21.31.11:763][963]LogParticles: Destroying 0 GPU particle simulations for FXSystem 0x0000003DBDB9EFC0
[2016.03.13-21.31.11:763][963]LogParticles: Destroying 0 GPU particle simulations for FXSystem 0x0000003DD256B880
[2016.03.13-21.31.11:763][963]LogParticles: Destroying 0 GPU particle simulations for FXSystem 0x0000003DD35B9760
[2016.03.13-21.31.11:909][963]LogExit: Object subsystem successfully closed.
[2016.03.13-21.31.11:927][963]LogD3D11RHI: Shutdown
[2016.03.13-21.31.11:927][963]LogD3D11RHI: CleanupD3DDevice
[2016.03.13-21.31.11:979][963]LogD3D11RHI: ~FD3D11DynamicRHI
[2016.03.13-21.31.11:995][963]LogModuleManager: Shutting down and abandoning module CrashTracker (198)
[2016.03.13-21.31.11:995][963]LogModuleManager: Shutting down and abandoning module SceneOutliner (197)
[2016.03.13-21.31.11:995][963]LogModuleManager: Shutting down and abandoning module SuperSearch (196)
[2016.03.13-21.31.11:995][963]LogModuleManager: Shutting down and abandoning module WidgetCarousel (195)
[2016.03.13-21.31.11:995][963]LogModuleManager: Shutting down and abandoning module AddContentDialog (194)
[2016.03.13-21.31.11:996][963]LogModuleManager: Shutting down and abandoning module EditorWidgets (193)
[2016.03.13-21.31.11:996][963]LogModuleManager: Shutting down and abandoning module CollectionManager (192)
[2016.03.13-21.31.11:996][963]LogModuleManager: Shutting down and abandoning module StatsViewer (191)
[2016.03.13-21.31.11:996][963]LogModuleManager: Shutting down and abandoning module FoliageEdit (190)
[2016.03.13-21.31.11:996][963]LogModuleManager: Shutting down and abandoning module LandscapeEditor (189)
[2016.03.13-21.31.11:996][963]LogModuleManager: Shutting down and abandoning module ActorPickerMode (188)
[2016.03.13-21.31.11:996][963]LogModuleManager: Shutting down and abandoning module GeometryMode (187)
[2016.03.13-21.31.11:996][963]LogModuleManager: Shutting down and abandoning module TextureAlignMode (186)
[2016.03.13-21.31.11:996][963]LogModuleManager: Shutting down and abandoning module BspMode (185)
[2016.03.13-21.31.11:996][963]LogModuleManager: Shutting down and abandoning module PlacementMode (184)
[2016.03.13-21.31.11:996][963]LogModuleManager: Shutting down and abandoning module AutomationWorker (183)
[2016.03.13-21.31.11:996][963]LogModuleManager: Shutting down and abandoning module CharacterAI (182)
[2016.03.13-21.31.11:996][963]LogModuleManager: Shutting down and abandoning module SmartSnapping (181)
[2016.03.13-21.31.11:996][963]LogModuleManager: Shutting down and abandoning module ViewportSnapping (180)
[2016.03.13-21.31.11:996][963]LogModuleManager: Shutting down and abandoning module LogVisualizer (179)
[2016.03.13-21.31.11:996][963]LogModuleManager: Shutting down and abandoning module GameProjectGeneration (178)
[2016.03.13-21.31.11:996][963]LogModuleManager: Shutting down and abandoning module IntroTutorials (177)
[2016.03.13-21.31.11:996][963]LogModuleManager: Shutting down and abandoning module EditorLiveStreaming (176)
[2016.03.13-21.31.11:996][963]LogModuleManager: Shutting down and abandoning module IOSPlatformEditor (175)
[2016.03.13-21.31.11:996][963]LogModuleManager: Shutting down and abandoning module HTML5PlatformEditor (174)
[2016.03.13-21.31.11:996][963]LogModuleManager: Shutting down and abandoning module AndroidDeviceDetection (173)
[2016.03.13-21.31.12:511][963]LogModuleManager: Shutting down and abandoning module AndroidPlatformEditor (172)
[2016.03.13-21.31.12:511][963]LogModuleManager: Shutting down and abandoning module IOSRuntimeSettings (171)
[2016.03.13-21.31.12:511][963]LogModuleManager: Shutting down and abandoning module AndroidRuntimeSettings (170)
[2016.03.13-21.31.12:511][963]LogModuleManager: Shutting down and abandoning module MergeActors (169)
[2016.03.13-21.31.12:511][963]LogModuleManager: Shutting down and abandoning module SizeMap (168)
[2016.03.13-21.31.12:511][963]LogModuleManager: Shutting down and abandoning module TreeMap (167)
[2016.03.13-21.31.12:511][963]LogModuleManager: Shutting down and abandoning module ReferenceViewer (166)
[2016.03.13-21.31.12:511][963]LogModuleManager: Shutting down and abandoning module LocalizationService (165)
[2016.03.13-21.31.12:511][963]LogModuleManager: Shutting down and abandoning module LocalizationDashboard (164)
[2016.03.13-21.31.12:511][963]LogModuleManager: Shutting down and abandoning module HardwareTargeting (163)
[2016.03.13-21.31.12:511][963]LogModuleManager: Shutting down and abandoning module DeviceProfileEditor (162)
[2016.03.13-21.31.12:511][963]LogModuleManager: Shutting down and abandoning module UndoHistory (161)
[2016.03.13-21.31.12:511][963]LogModuleManager: Shutting down and abandoning module GameplayTagsEditor (160)
[2016.03.13-21.31.12:511][963]LogModuleManager: Shutting down and abandoning module UserFeedback (159)
[2016.03.13-21.31.12:511][963]LogModuleManager: Shutting down and abandoning module XmlParser (158)
[2016.03.13-21.31.12:511][963]LogModuleManager: Shutting down and abandoning module Blutility (157)
[2016.03.13-21.31.12:511][963]LogModuleManager: Shutting down and abandoning module ProjectTargetPlatformEditor (156)
[2016.03.13-21.31.12:511][963]LogModuleManager: Shutting down and abandoning module ProjectSettingsViewer (155)
[2016.03.13-21.31.12:512][963]LogModuleManager: Shutting down and abandoning module InputBindingEditor (154)
[2016.03.13-21.31.12:512][963]LogModuleManager: Shutting down and abandoning module EditorSettingsViewer (153)
[2016.03.13-21.31.12:513][963]LogModuleManager: Shutting down and abandoning module SettingsEditor (152)
[2016.03.13-21.31.12:513][963]LogModuleManager: Shutting down and abandoning module ProjectLauncher (151)
[2016.03.13-21.31.12:513][963]LogModuleManager: Shutting down and abandoning module SessionFrontend (150)
[2016.03.13-21.31.12:513][963]LogModuleManager: Shutting down and abandoning module ProfilerClient (149)
[2016.03.13-21.31.12:513][963]LogModuleManager: Shutting down and abandoning module TargetDeviceServices (148)
[2016.03.13-21.31.12:513][963]LogModuleManager: Shutting down and abandoning module DeviceManager (147)
[2016.03.13-21.31.12:513][963]LogModuleManager: Shutting down and abandoning module AutomationController (146)
[2016.03.13-21.31.12:513][963]LogModuleManager: Shutting down and abandoning module AutomationWindow (145)
[2016.03.13-21.31.12:513][963]LogModuleManager: Shutting down and abandoning module Layers (144)
[2016.03.13-21.31.12:514][963]LogModuleManager: Shutting down and abandoning module ComponentVisualizers (143)
[2016.03.13-21.31.12:514][963]LogModuleManager: Shutting down and abandoning module DetailCustomizations (142)
[2016.03.13-21.31.12:514][963]LogModuleManager: Shutting down and abandoning module PackagesDialog (141)
[2016.03.13-21.31.12:514][963]LogModuleManager: Shutting down and abandoning module Persona (140)
[2016.03.13-21.31.12:514][963]LogModuleManager: Shutting down and abandoning module Kismet (139)
[2016.03.13-21.31.12:514][963]LogModuleManager: Shutting down and abandoning module GraphEditor (138)
[2016.03.13-21.31.12:514][963]LogModuleManager: Shutting down and abandoning module ClassViewer (137)
[2016.03.13-21.31.12:515][963]LogModuleManager: Shutting down and abandoning module Toolbox (136)
[2016.03.13-21.31.12:515][963]LogModuleManager: Shutting down and abandoning module ModuleUI (135)
[2016.03.13-21.31.12:515][963]LogModuleManager: Shutting down and abandoning module MovieSceneTools (134)
[2016.03.13-21.31.12:515][963]LogModuleManager: Shutting down and abandoning module OutputLog (133)
[2016.03.13-21.31.12:515][963]LogModuleManager: Shutting down and abandoning module GammaUI (132)
[2016.03.13-21.31.12:516][963]LogModuleManager: Shutting down and abandoning module Documentation (131)
[2016.03.13-21.31.12:516][963]LogModuleManager: Shutting down and abandoning module GameLiveStreaming (130)
[2016.03.13-21.31.12:516][963]LogModuleManager: Shutting down and abandoning module StreamingPauseRendering (129)
[2016.03.13-21.31.12:516][963]LogModuleManager: Shutting down and abandoning module AnalyticsET (128)
[2016.03.13-21.31.12:516][963]LogModuleManager: Shutting down and abandoning module Analytics (127)
[2016.03.13-21.31.12:516][963]LogModuleManager: Shutting down and abandoning module AITestSuite (126)
[2016.03.13-21.31.12:516][963]LogModuleManager: Shutting down and abandoning module GameplayDebugger (125)
[2016.03.13-21.31.12:516][963]LogModuleManager: Shutting down and abandoning module AIModule (124)
[2016.03.13-21.31.12:516][963]LogModuleManager: Shutting down and abandoning module ProfilerService (123)
[2016.03.13-21.31.12:566][963]LogModuleManager: Shutting down and abandoning module TaskGraph (122)
[2016.03.13-21.31.12:566][963]LogModuleManager: Shutting down and abandoning module SlateRemote (121)
[2016.03.13-21.31.12:566][963]LogModuleManager: Shutting down and abandoning module SteamVRController (120)
[2016.03.13-21.31.12:566][963]LogModuleManager: Shutting down and abandoning module SteamVR (119)
[2016.03.13-21.31.12:566][963]LogModuleManager: Shutting down and abandoning module ProceduralMeshComponent (118)
[2016.03.13-21.31.12:566][963]LogModuleManager: Shutting down and abandoning module OculusLibrary (117)
[2016.03.13-21.31.12:566][963]LogModuleManager: Shutting down and abandoning module OculusInput (116)
[2016.03.13-21.31.12:567][963]LogModuleManager: Shutting down and abandoning module LeapMotionController (115)
[2016.03.13-21.31.12:595][963]LogModuleManager: Shutting down and abandoning module CustomMeshComponent (114)
[2016.03.13-21.31.12:595][963]LogModuleManager: Shutting down and abandoning module CableComponent (113)
[2016.03.13-21.31.12:595][963]LogModuleManager: Shutting down and abandoning module ArchVisCharacter (112)
[2016.03.13-21.31.12:595][963]LogModuleManager: Shutting down and abandoning module MessagingDebugger (111)
[2016.03.13-21.31.12:595][963]LogModuleManager: Shutting down and abandoning module MediaPlayerEditor (110)
[2016.03.13-21.31.12:595][963]LogModuleManager: Shutting down and abandoning module HTML5Networking (109)
[2016.03.13-21.31.12:595][963]LogModuleManager: Shutting down and abandoning module SpeedTreeImporter (108)
[2016.03.13-21.31.12:595][963]LogModuleManager: Shutting down and abandoning module PluginBrowser (107)
[2016.03.13-21.31.12:595][963]LogModuleManager: Shutting down and abandoning module EpicSurvey (106)
[2016.03.13-21.31.12:595][963]LogModuleManager: Shutting down and abandoning module DesktopPlatform (105)
[2016.03.13-21.31.12:595][963]LogModuleManager: Shutting down and abandoning module VisualStudioSourceCodeAccess (104)
[2016.03.13-21.31.12:595][963]LogModuleManager: Shutting down and abandoning module UObjectPlugin (103)
[2016.03.13-21.31.12:595][963]LogModuleManager: Shutting down and abandoning module SubversionSourceControl (102)
[2016.03.13-21.31.12:595][963]LogModuleManager: Shutting down and abandoning module PerforceSourceControl (101)
[2016.03.13-21.31.12:595][963]LogModuleManager: Shutting down and abandoning module SourceControl (100)
[2016.03.13-21.31.12:595][963]LogModuleManager: Shutting down and abandoning module GitSourceControl (99)
[2016.03.13-21.31.12:596][963]LogModuleManager: Shutting down and abandoning module LightPropagationVolumeEditor (98)
[2016.03.13-21.31.12:596][963]LogModuleManager: Shutting down and abandoning module PaperTiledImporter (97)
[2016.03.13-21.31.12:596][963]LogModuleManager: Shutting down and abandoning module PaperSpriteSheetImporter (96)
[2016.03.13-21.31.12:596][963]LogModuleManager: Shutting down and abandoning module MeshPaint (95)
[2016.03.13-21.31.12:596][963]LogModuleManager: Shutting down and abandoning module SlateReflector (94)
[2016.03.13-21.31.12:596][963]LogModuleManager: Shutting down and abandoning module HotReload (93)
[2016.03.13-21.31.12:596][963]LogModuleManager: Shutting down and abandoning module MainFrame (92)
[2016.03.13-21.31.12:596][963]LogModuleManager: Shutting down and abandoning module LevelEditor (91)
[2016.03.13-21.31.12:597][963]LogModuleManager: Shutting down and abandoning module DirectoryWatcher (90)
[2016.03.13-21.31.12:598][963]LogModuleManager: Shutting down and abandoning module AssetRegistry (89)
[2016.03.13-21.31.12:685][963]LogModuleManager: Shutting down and abandoning module ContentBrowser (88)
[2016.03.13-21.31.12:686][963]LogModuleManager: Shutting down and abandoning module Paper2DEditor (87)
[2016.03.13-21.31.12:687][963]LogModuleManager: Shutting down and abandoning module UdpMessaging (86)
[2016.03.13-21.31.12:787][963]LogModuleManager: Shutting down and abandoning module LightPropagationVolumeRuntime (85)
[2016.03.13-21.31.12:787][963]LogModuleManager: Shutting down and abandoning module Paper2D (84)
[2016.03.13-21.31.12:787][963]LogModuleManager: Shutting down and abandoning module WindowsMoviePlayer (83)
[2016.03.13-21.31.12:791][963]LogModuleManager: Shutting down and abandoning module Media (82)
[2016.03.13-21.31.12:791][963]LogModuleManager: Shutting down and abandoning module WmfMedia (81)
[2016.03.13-21.31.12:791][963]LogModuleManager: Shutting down and abandoning module OnlineBlueprintSupport (80)
[2016.03.13-21.31.12:791][963]LogModuleManager: Shutting down and abandoning module GameplayTasksEditor (79)
[2016.03.13-21.31.12:791][963]LogModuleManager: Shutting down and abandoning module PropertyEditor (78)
[2016.03.13-21.31.12:791][963]LogModuleManager: Shutting down and abandoning module BehaviorTreeEditor (77)
[2016.03.13-21.31.12:791][963]LogModuleManager: Shutting down and abandoning module FunctionalTesting (76)
[2016.03.13-21.31.12:791][963]LogModuleManager: Shutting down and abandoning module CollisionAnalyzer (75)
[2016.03.13-21.31.12:791][963]LogModuleManager: Shutting down and abandoning module WorkspaceMenuStructure (74)
[2016.03.13-21.31.12:791][963]LogModuleManager: Shutting down and abandoning module MessageLog (73)
[2016.03.13-21.31.12:791][963]LogModuleManager: Shutting down and abandoning module Sequencer (72)
[2016.03.13-21.31.12:791][963]LogModuleManager: Shutting down and abandoning module AssetTools (71)
[2016.03.13-21.31.12:791][963]LogModuleManager: Shutting down and abandoning module UMGEditor (70)
[2016.03.13-21.31.12:791][963]LogModuleManager: Shutting down and abandoning module UMG (69)
[2016.03.13-21.31.12:791][963]LogModuleManager: Shutting down and abandoning module Slate (68)
[2016.03.13-21.31.12:791][963]LogModuleManager: Shutting down and abandoning module EditorStyle (67)
[2016.03.13-21.31.12:795][963]LogModuleManager: Shutting down and abandoning module SessionServices (66)
[2016.03.13-21.31.12:795][963]LogModuleManager: Shutting down and abandoning module SourceCodeAccess (65)
[2016.03.13-21.31.12:795][963]LogModuleManager: Shutting down and abandoning module HeadMountedDisplay (64)
[2016.03.13-21.31.12:795][963]LogModuleManager: Shutting down and abandoning module XAudio2 (63)
[2016.03.13-21.31.12:795][963]LogModuleManager: Shutting down and abandoning module Networking (61)
[2016.03.13-21.31.12:795][963]LogModuleManager: Shutting down and abandoning module Core (60)
[2016.03.13-21.31.12:796][963]LogModuleManager: Shutting down and abandoning module KismetCompiler (59)
[2016.03.13-21.31.12:796][963]LogModuleManager: Shutting down and abandoning module PhysXFormats (58)
[2016.03.13-21.31.12:796][963]LogModuleManager: Shutting down and abandoning module MeshUtilities (57)
[2016.03.13-21.31.12:796][963]LogModuleManager: Shutting down and abandoning module DerivedDataCache (56)
[2016.03.13-21.31.12:839][963]LogDerivedDataCache: Shutdown
[2016.03.13-21.31.12:839][963]LogModuleManager: Shutting down and abandoning module ShaderFormatOpenGL (55)
[2016.03.13-21.31.12:839][963]LogModuleManager: Shutting down and abandoning module ShaderFormatD3D (54)
[2016.03.13-21.31.12:839][963]LogModuleManager: Shutting down and abandoning module MetalShaderFormat (53)
[2016.03.13-21.31.12:839][963]LogModuleManager: Shutting down and abandoning module TextureFormatUncompressed (52)
[2016.03.13-21.31.12:839][963]LogModuleManager: Shutting down and abandoning module TextureFormatPVR (51)
[2016.03.13-21.31.12:839][963]LogModuleManager: Shutting down and abandoning module TextureFormatIntelISPCTexComp (50)
[2016.03.13-21.31.12:839][963]LogModuleManager: Shutting down and abandoning module TextureFormatDXT (49)
[2016.03.13-21.31.12:839][963]LogModuleManager: Shutting down and abandoning module ImageWrapper (48)
[2016.03.13-21.31.12:839][963]LogModuleManager: Shutting down and abandoning module TextureFormatASTC (47)
[2016.03.13-21.31.12:839][963]LogModuleManager: Shutting down and abandoning module TextureFormatAndroid (46)
[2016.03.13-21.31.12:839][963]LogModuleManager: Shutting down and abandoning module AudioFormatOpus (45)
[2016.03.13-21.31.12:839][963]LogModuleManager: Shutting down and abandoning module AudioFormatOgg (44)
[2016.03.13-21.31.12:839][963]LogModuleManager: Shutting down and abandoning module AudioFormatADPCM (43)
[2016.03.13-21.31.12:839][963]LogModuleManager: Shutting down and abandoning module LinuxTargetPlatform (42)
[2016.03.13-21.31.12:839][963]LogModuleManager: Shutting down and abandoning module LinuxServerTargetPlatform (41)
[2016.03.13-21.31.12:839][963]LogModuleManager: Shutting down and abandoning module LinuxNoEditorTargetPlatform (40)
[2016.03.13-21.31.12:839][963]LogModuleManager: Shutting down and abandoning module Messaging (39)
[2016.03.13-21.31.12:839][963]LogModuleManager: Shutting down and abandoning module IOSTargetPlatform (38)
[2016.03.13-21.31.12:839][963]LogModuleManager: Shutting down and abandoning module HTML5TargetPlatform (37)
[2016.03.13-21.31.12:839][963]LogModuleManager: Shutting down and abandoning module Android_PVRTCTargetPlatform (36)
[2016.03.13-21.31.12:839][963]LogModuleManager: Shutting down and abandoning module Android_MultiTargetPlatform (35)
[2016.03.13-21.31.12:839][963]LogModuleManager: Shutting down and abandoning module Android_ETC2TargetPlatform (34)
[2016.03.13-21.31.12:839][963]LogModuleManager: Shutting down and abandoning module Android_ETC1TargetPlatform (33)
[2016.03.13-21.31.12:839][963]LogModuleManager: Shutting down and abandoning module Android_DXTTargetPlatform (32)
[2016.03.13-21.31.12:839][963]LogModuleManager: Shutting down and abandoning module Android_ATCTargetPlatform (31)
[2016.03.13-21.31.12:839][963]LogModuleManager: Shutting down and abandoning module Android_ASTCTargetPlatform (30)
[2016.03.13-21.31.12:839][963]LogModuleManager: Shutting down and abandoning module AndroidTargetPlatform (29)
[2016.03.13-21.31.12:839][963]LogModuleManager: Shutting down and abandoning module WindowsTargetPlatform (28)
[2016.03.13-21.31.12:840][963]LogModuleManager: Shutting down and abandoning module WindowsServerTargetPlatform (27)
[2016.03.13-21.31.12:840][963]LogModuleManager: Shutting down and abandoning module WindowsNoEditorTargetPlatform (26)
[2016.03.13-21.31.12:840][963]LogModuleManager: Shutting down and abandoning module WindowsClientTargetPlatform (25)
[2016.03.13-21.31.12:840][963]LogModuleManager: Shutting down and abandoning module AllDesktopTargetPlatform (24)
[2016.03.13-21.31.12:840][963]LogModuleManager: Shutting down and abandoning module TargetPlatform (23)
[2016.03.13-21.31.12:840][963]LogModuleManager: Shutting down and abandoning module InputCore (22)
[2016.03.13-21.31.12:840][963]LogModuleManager: Shutting down and abandoning module Settings (21)
[2016.03.13-21.31.12:840][963]LogModuleManager: Shutting down and abandoning module OnlineSubsystem (19)
[2016.03.13-21.31.12:840][963]LogModuleManager: Shutting down and abandoning module HTTP (18)
[2016.03.13-21.31.13:842][963]LogModuleManager: Shutting down and abandoning module XMPP (17)
[2016.03.13-21.31.13:842][963]LogModuleManager: Shutting down and abandoning module OculusRift (16)
[2016.03.13-21.31.13:842][963]LogModuleManager: Shutting down and abandoning module ExampleDeviceProfileSelector (15)
[2016.03.13-21.31.13:842][963]LogModuleManager: Shutting down and abandoning module TextureCompressor (14)
[2016.03.13-21.31.13:843][963]LogModuleManager: Shutting down and abandoning module ShaderCore (13)
[2016.03.13-21.31.13:843][963]LogModuleManager: Shutting down and abandoning module Landscape (12)
[2016.03.13-21.31.13:843][963]LogModuleManager: Shutting down and abandoning module SlateRHIRenderer (11)
[2016.03.13-21.31.13:846][963]LogModuleManager: Shutting down and abandoning module OpenGLDrv (10)
[2016.03.13-21.31.13:846][963]LogModuleManager: Shutting down and abandoning module D3D11RHI (9)
[2016.03.13-21.31.13:846][963]LogModuleManager: Shutting down and abandoning module AnimGraphRuntime (8)
[2016.03.13-21.31.13:846][963]LogModuleManager: Shutting down and abandoning module Renderer (7)
[2016.03.13-21.31.13:846][963]LogModuleManager: Shutting down and abandoning module Engine (6)
[2016.03.13-21.31.13:846][963]LogModuleManager: Shutting down and abandoning module CoreUObject (5)
[2016.03.13-21.31.13:846][963]LogModuleManager: Shutting down and abandoning module NetworkFile (4)
[2016.03.13-21.31.13:846][963]LogModuleManager: Shutting down and abandoning module StreamingFile (3)
[2016.03.13-21.31.13:846][963]LogModuleManager: Shutting down and abandoning module SandboxFile (2)
[2016.03.13-21.31.13:846][963]LogModuleManager: Shutting down and abandoning module PakFile (1)
[2016.03.13-21.31.13:849][963]LogExit: Exiting.
[2016.03.13-21.31.13:853][963]Log file closed, 03/13/16 16:31:13
