[2016.03.31-00.31.58:920][  0]Log file open, 03/30/16 19:31:58
[2016.03.31-00.31.58:920][  0]LogInit:Display: Running engine for game: MyHouse
[2016.03.31-00.31.58:920][  0]LogPlatformFile: Not using cached read wrapper
[2016.03.31-00.31.58:920][  0]LogInit:Display: RandInit(-1301340876) SRandInit(-1301340875).
[2016.03.31-00.31.58:920][  0]LogTaskGraph: Started task graph with 4 named threads and 5 total threads.
[2016.03.31-00.31.58:920][  0]LogStats: Stats thread started at 0.053615
[2016.03.31-00.31.58:920][  0]LogInit: Version: 4.10.4-2872498+++depot+UE4-Releases+4.10
[2016.03.31-00.31.58:920][  0]LogInit: API Version: 2758231
[2016.03.31-00.31.58:920][  0]LogInit: Compiled (64-bit): Feb 18 2016 15:47:04
[2016.03.31-00.31.58:920][  0]LogInit: Compiled with Visual C++: 19.00.23026.00
[2016.03.31-00.31.58:920][  0]LogInit: Build Configuration: Development
[2016.03.31-00.31.58:920][  0]LogInit: Branch Name: ++depot+UE4-Releases+4.10
[2016.03.31-00.31.58:920][  0]LogInit: Command line: -EpicPortal 
[2016.03.31-00.31.58:920][  0]LogInit: Base directory: C:/Program Files (x86)/Epic Games/4.10/Engine/Binaries/Win64/
[2016.03.31-00.31.58:920][  0]LogInit: Rocket: 1
[2016.03.31-00.31.59:001][  0]LogInit: Using libcurl 7.41.0
[2016.03.31-00.31.59:001][  0]LogInit:  - built for x86_64-pc-win32
[2016.03.31-00.31.59:001][  0]LogInit:  - supports SSL with WinSSL
[2016.03.31-00.31.59:001][  0]LogInit:  - other features:
[2016.03.31-00.31.59:001][  0]LogInit:      CURL_VERSION_SSL
[2016.03.31-00.31.59:001][  0]LogInit:      CURL_VERSION_IPV6
[2016.03.31-00.31.59:001][  0]LogInit:      CURL_VERSION_ASYNCHDNS
[2016.03.31-00.31.59:001][  0]LogInit:      CURL_VERSION_LARGEFILE
[2016.03.31-00.31.59:001][  0]LogInit:      CURL_VERSION_IDN
[2016.03.31-00.31.59:001][  0]LogInit:  CurlRequestOptions (configurable via config and command line):
[2016.03.31-00.31.59:001][  0]LogInit:  - bVerifyPeer = true  - Libcurl will verify peer certificate
[2016.03.31-00.31.59:001][  0]LogInit:  - bUseHttpProxy = false  - Libcurl will NOT use HTTP proxy
[2016.03.31-00.31.59:001][  0]LogInit:  - bDontReuseConnections = false  - Libcurl will reuse connections
[2016.03.31-00.31.59:001][  0]LogInit:  - CertBundlePath = nullptr  - Libcurl will use whatever was configured at build time.
[2016.03.31-00.31.59:034][  0]LogInit: Presizing for 0 objects not considered by GC, pre-allocating 0 bytes.
[2016.03.31-00.31.59:059][  0]LogInit: Object subsystem initialized
[2016.03.31-00.31.59:064][  0]LogInit: Selected Device Profile: [Windows]
[2016.03.31-00.31.59:064][  0]LogInit: Applying CVar settings loaded from the selected device profile: [Windows]
[2016.03.31-00.31.59:110][  0]LogInit: Computer: MEHAR
[2016.03.31-00.31.59:110][  0]LogInit: User: Mehar1
[2016.03.31-00.31.59:110][  0]LogInit: CPU Page size=4096, Cores=2
[2016.03.31-00.31.59:110][  0]LogInit: High frequency timer resolution =1.753754 MHz
[2016.03.31-00.31.59:110][  0]LogMemory: Memory total: Physical=15.9GB (16GB approx)
[2016.03.31-00.31.59:110][  0]LogMemory: Platform Memory Stats for Windows
[2016.03.31-00.31.59:110][  0]LogMemory: Process Physical Memory: 54.32 MB used, 54.32 MB peak
[2016.03.31-00.31.59:110][  0]LogMemory: Process Virtual Memory: 57.53 MB used, 57.53 MB peak
[2016.03.31-00.31.59:110][  0]LogMemory: Physical Memory: 4138.96 MB used, 16282.57 MB total
[2016.03.31-00.31.59:110][  0]LogMemory: Virtual Memory: 360.99 MB used, 134217728.00 MB total
[2016.03.31-00.31.59:204][  0]LogTextLocalizationManager: No specific translations for ('en-US') exist, so ('en') translations will be used.
[2016.03.31-00.31.59:735][  0]LogD3D11RHI: Found D3D11 adapter 0: Intel(R) HD Graphics Family (Feature Level 11_0)
[2016.03.31-00.31.59:735][  0]LogD3D11RHI: Adapter has 0MB of dedicated video memory, 0MB of dedicated system memory, and 1792MB of shared system memory, 1 output[s]
[2016.03.31-00.31.59:751][  0]LogD3D11RHI: Found D3D11 adapter 1: NVIDIA GeForce GT 750M     (Feature Level 11_0)
[2016.03.31-00.31.59:751][  0]LogD3D11RHI: Adapter has 1988MB of dedicated video memory, 0MB of dedicated system memory, and 2048MB of shared system memory, 0 output[s]
[2016.03.31-00.31.59:753][  0]LogD3D11RHI: Found D3D11 adapter 2: Microsoft Basic Render Driver (Feature Level 11_0)
[2016.03.31-00.31.59:753][  0]LogD3D11RHI: Adapter has 0MB of dedicated video memory, 0MB of dedicated system memory, and 256MB of shared system memory, 0 output[s]
[2016.03.31-00.31.59:753][  0]LogD3D11RHI: Chosen D3D11 Adapter Id = 0
[2016.03.31-00.31.59:758][  0]LogD3D11RHI: !Direct3DDevice
[2016.03.31-00.31.59:759][  0]LogRHI: Texture pool is 1361 MB (70% of 1945 MB)
[2016.03.31-00.31.59:778][  0]LogD3D11RHI: Async texture creation enabled
[2016.03.31-00.31.59:789][  0]LogShaderCompilers: Guid format shader working directory is 1 characters bigger than the processId version (../../../../../../Users/Mehar1/Desktop/MyHouse/Intermediate/Shaders/WorkingDirectory/8300/).
[2016.03.31-00.31.59:789][  0]LogShaderCompilers: Cleaned the shader compiler working directory 'C:/Users/Mehar1/AppData/Local/Temp/UnrealShaderWorkingDir/170AE7FA45404AABA1F8E7B0B0A4CACC/'.
[2016.03.31-00.31.59:789][  0]LogShaderCompilers:Display: Using Local Shader Compiler.
[2016.03.31-00.32.00:742][  0]LogTemp:Display: Loaded TP AllDesktopTargetPlatform
[2016.03.31-00.32.00:752][  0]LogTemp:Display: Loaded TP WindowsClientTargetPlatform
[2016.03.31-00.32.00:759][  0]LogTemp:Display: Loaded TP WindowsNoEditorTargetPlatform
[2016.03.31-00.32.00:766][  0]LogTemp:Display: Loaded TP WindowsServerTargetPlatform
[2016.03.31-00.32.00:773][  0]LogTemp:Display: Loaded TP WindowsTargetPlatform
[2016.03.31-00.32.00:779][  0]LogTemp:Display: Loaded TP AndroidTargetPlatform
[2016.03.31-00.32.00:783][  0]LogTemp:Display: Loaded TP Android_ASTCTargetPlatform
[2016.03.31-00.32.00:788][  0]LogTemp:Display: Loaded TP Android_ATCTargetPlatform
[2016.03.31-00.32.00:793][  0]LogTemp:Display: Loaded TP Android_DXTTargetPlatform
[2016.03.31-00.32.00:798][  0]LogTemp:Display: Loaded TP Android_ETC1TargetPlatform
[2016.03.31-00.32.00:803][  0]LogTemp:Display: Loaded TP Android_ETC2TargetPlatform
[2016.03.31-00.32.00:814][  0]LogTemp:Display: Loaded TP Android_MultiTargetPlatform
[2016.03.31-00.32.00:814][  0]LogTemp:Display: Loaded TP Android_PVRTCTargetPlatform
[2016.03.31-00.32.00:816][  0]LogTemp:Display: Loaded TP HTML5TargetPlatform
[2016.03.31-00.32.00:837][  0]LogTemp:Display: Loaded TP IOSTargetPlatform
[2016.03.31-00.32.00:843][  0]LogTemp:Display: Loaded TP LinuxNoEditorTargetPlatform
[2016.03.31-00.32.00:848][  0]LogTemp:Display: Loaded TP LinuxServerTargetPlatform
[2016.03.31-00.32.00:853][  0]LogTemp:Display: Loaded TP LinuxTargetPlatform
[2016.03.31-00.32.00:853][  0]LogTargetPlatformManager:Display: Building Assets For Windows
[2016.03.31-00.32.00:942][  0]LogDerivedDataCache:Display: Max Cache Size: 512 MB
[2016.03.31-00.32.00:991][  0]LogDerivedDataCache: Loaded boot cache 0.05s 41MB C:/Users/Mehar1/AppData/Local/UnrealEngine/4.10/DerivedDataCache/Boot.ddc.
[2016.03.31-00.32.00:991][  0]LogDerivedDataCache:Display: Loaded Boot cache: C:/Users/Mehar1/AppData/Local/UnrealEngine/4.10/DerivedDataCache/Boot.ddc
[2016.03.31-00.32.00:991][  0]LogDerivedDataCache: FDerivedDataBackendGraph:  Pak pak cache file ../../../../../../Users/Mehar1/Desktop/MyHouse/DerivedDataCache/DDC.ddp not found, will not use a pak cache.
[2016.03.31-00.32.00:991][  0]LogDerivedDataCache: Unable to find inner node Pak for hierarchical cache Hierarchy.
[2016.03.31-00.32.00:991][  0]LogDerivedDataCache: FDerivedDataBackendGraph:  CompressedPak pak cache file ../../../../../../Users/Mehar1/Desktop/MyHouse/DerivedDataCache/Compressed.ddp not found, will not use a pak cache.
[2016.03.31-00.32.00:991][  0]LogDerivedDataCache: Unable to find inner node CompressedPak for hierarchical cache Hierarchy.
[2016.03.31-00.32.01:074][  0]LogDerivedDataCache:Display: Pak cache opened for reading ../../../Engine/DerivedDataCache/Compressed.ddp.
[2016.03.31-00.32.01:086][  0]LogDerivedDataCache: Using Local data cache path C:/Users/Mehar1/AppData/Local/UnrealEngine/Common/DerivedDataCache: Writable
[2016.03.31-00.32.01:272][  0]LogInit: Selected Device Profile: [Windows]
[2016.03.31-00.32.01:275][  0]LogContentStreaming: Texture pool size is 0.000000MB
[2016.03.31-00.32.01:464][  0]LogMeshUtilities: No automatic mesh reduction module available
[2016.03.31-00.32.01:464][  0]LogMeshUtilities: No automatic mesh merging module available
[2016.03.31-00.32.01:769][  0]LogInit: WinSock: version 1.1 (2.2), MaxSocks=32767, MaxUdp=65467
[2016.03.31-00.32.02:607][  0]UdpMessaging: Initializing bridge on interface 0.0.0.0:0 to multicast group 230.0.0.1:6666.
[2016.03.31-00.32.02:771][  0]LogAssetRegistry: FAssetRegistry took 0.0122 seconds to start up
[2016.03.31-00.32.03:125][  0]SourceControl: Info Source control is disabled
[2016.03.31-00.32.03:126][  0]SourceControl: Info Source control is disabled
[2016.03.31-00.32.03:135][  0]SourceControl: Info Source control is disabled
[2016.03.31-00.32.03:145][  0]SourceControl: Info Source control is disabled
[2016.03.31-00.32.03:359][  0]LogObj: 28633 objects as part of root set at end of initial load.
[2016.03.31-00.32.03:359][  0]LogUObjectAllocator: 6099752 out of 0 bytes used by permanent object pool.
[2016.03.31-00.32.03:422][  0]LogEngine: Initializing Engine...
[2016.03.31-00.32.03:426][  0]LogHMD: Can't find Oculus library dev build: is proper Runtime installed? Version: 0.8.0.0
[2016.03.31-00.32.03:429][  0]LogHMD: SteamVR failed to initialize.  Err: 110
[2016.03.31-00.32.03:564][  0]LogAIModule: Creating AISystem for world NewWorld
[2016.03.31-00.32.03:570][  0]LogInit: XAudio2 using 'Speakers / Headphones (Realtek High Definition Audio)' : 2 channels at 48 kHz using 32 bits per sample (channel mask 0x3)
[2016.03.31-00.32.03:646][  0]LogInit: FAudioDevice initialized.
[2016.03.31-00.32.03:673][  0]LogDerivedDataCache: Saved boot cache 0.03s 41MB C:/Users/Mehar1/AppData/Local/UnrealEngine/4.10/DerivedDataCache/Boot.ddc.
[2016.03.31-00.32.03:676][  0]LogInit: Texture streaming: Enabled
[2016.03.31-00.32.03:691][  0]LogAnalytics: Creating configured Analytics provider AnalyticsET
[2016.03.31-00.32.03:691][  0]LogAnalytics: [UEEditor.Rocket.Release] APIServer = http://et2.epicgames.com/ET2/. AppVersion = 4.10.4-2872498+++depot+UE4-Releases+4.10
[2016.03.31-00.32.03:691][  0]LogAnalytics: [UEEditor.Rocket.Release] SetUserId 3c13054649062b193d5a9e89ebd1717f|8e2902c0af79495588ceba4a3a89f4c3|50572813-e7c0-45b5-bf1d-11ce3a37409f
[2016.03.31-00.32.03:691][  0]LogAnalytics: [UEEditor.Rocket.Release] AnalyticsET::StartSession
[2016.03.31-00.32.03:704][  0]LogInit: Transaction tracking system initialized
[2016.03.31-00.32.03:736][  0]BlueprintLog: New page: Editor Load
[2016.03.31-00.32.03:838][  0]LocalizationService: Info Localization service is disabled
[2016.03.31-00.32.03:957][  0]LogConsoleResponse:Display: 
[2016.03.31-00.32.04:192][  0]LogCook:Display: Done creating registry. It took  0.00s.
[2016.03.31-00.32.04:381][  0]LogFileCache: Scanning file cache for directory 'C:/Users/Mehar1/Desktop/MyHouse/Content/' took 0.10s
[2016.03.31-00.32.04:381][  0]SourceControl: Info Source control is disabled
[2016.03.31-00.32.04:381][  0]Cmd: MAP LOAD FILE="../../../../../../Users/Mehar1/Desktop/MyHouse/Content/FirstPersonBP/Maps/FirstPersonExampleMap.umap" TEMPLATE=0 SHOWPROGRESS=1 FEATURELEVEL=3
[2016.03.31-00.32.04:608][  0]LightingResults: New page: Lighting Build
[2016.03.31-00.32.04:621][  0]MapCheck: New page: Map Check
[2016.03.31-00.32.04:621][  0]LightingResults: New page: Lighting Build
[2016.03.31-00.32.04:673][  0]LogParticles: Destroying 0 GPU particle simulations for FXSystem 0x0000008C1D8D7B00
[2016.03.31-00.32.05:611][  0]LogLinker:Warning: Asset '../../../../../../Users/Mehar1/Desktop/MyHouse/Content/FirstPerson/Meshes/FirstPersonProjectileMesh.uasset' has been saved with empty engine version. The asset will be loaded but may be incompatible.
[2016.03.31-00.32.10:555][  0]LogAIModule: Creating AISystem for world FirstPersonExampleMap
[2016.03.31-00.32.10:700][  0]LogEditorServer: Finished looking for orphan Actors (0.000 secs)
[2016.03.31-00.32.10:702][  0]Cmd: MAP CHECKDEP NOCLEARLOG
[2016.03.31-00.32.10:823][  0]MapCheck: Info Map check complete: 0 Error(s), 0 Warning(s), took 120.5ms to complete.
[2016.03.31-00.32.10:823][  0]LogFileHelpers: Loading map 'FirstPersonExampleMap' took 6.441
[2016.03.31-00.32.11:177][  0]LogCollectionManager: Loaded 0 collections in 0.012197 seconds
[2016.03.31-00.32.11:238][  0]LogFileCache: Scanning file cache for directory 'C:/Users/Mehar1/Desktop/MyHouse/Saved/Collections/' took 0.01s
[2016.03.31-00.32.11:238][  0]LogFileCache: Scanning file cache for directory 'C:/Users/Mehar1/Desktop/MyHouse/Content/Developers/Mehar1/Collections/' took 0.01s
[2016.03.31-00.32.11:238][  0]LogFileCache: Scanning file cache for directory 'C:/Users/Mehar1/Desktop/MyHouse/Content/Collections/' took 0.01s
[2016.03.31-00.32.11:238][  0]LogCollectionManager: Rebuilt the GUID cache for 0 collections in 0.000005 seconds
[2016.03.31-00.32.11:265][  0]LogContentBrowser: Native class hierarchy populated in 0.0267 seconds. Added 1893 classes and 338 folders.
[2016.03.31-00.32.11:279][  0]LogContentBrowser: Native class hierarchy updated for 'WidgetCarousel' in 0.0011 seconds. Added 0 classes and 0 folders.
[2016.03.31-00.32.12:889][  0]LogContentBrowser: Native class hierarchy updated for 'AddContentDialog' in 0.0012 seconds. Added 0 classes and 0 folders.
[2016.03.31-00.32.13:154][  0]LogContentBrowser: Native class hierarchy updated for 'SceneOutliner' in 0.0009 seconds. Added 1 classes and 2 folders.
[2016.03.31-00.32.13:355][  0]LogCrashTracker: Crashtracker disabled due to settings.
[2016.03.31-00.32.13:410][  0]LogUObjectGlobals:Warning: Failed to find object 'Class None.'
[2016.03.31-00.32.13:436][  0]LogLoad: Full Startup: 15.92 seconds (BP compile: 0.23 seconds)
[2016.03.31-00.32.13:454][  0]LogWindowsTextInputMethodSystem:Display: IME system now deactivated.
[2016.03.31-00.32.13:455][  0]LogWindowsTextInputMethodSystem:Display: IME system now deactivated.
[2016.03.31-00.32.13:461][  0]LogOcInput: Can't find Oculus library dev build: is proper Runtime installed? Version: 0.8.0.0
[2016.03.31-00.32.13:633][  0]LogContentStreaming: Texture pool size now 1000 MB
[2016.03.31-00.32.13:957][  0]LogRenderer: Reallocating scene render targets to support 1208x572 (Frame:2).
[2016.03.31-00.32.14:681][  1]LogEditorViewport: Clicking on Actor (LMB): StaticMeshActor (Floor)
[2016.03.31-00.32.15:495][  7]LogAssetRegistry: Asset discovery search completed in 12.7365 seconds
[2016.03.31-00.32.15:496][  7]LogCollectionManager: Rebuilt the object cache for 0 collections in 0.000001 seconds (found 0 objects)
[2016.03.31-00.32.15:496][  7]LogCollectionManager: Fixed up redirectors for 0 collections in 0.000026 seconds (updated 0 objects)
[2016.03.31-00.32.22:564][234]Cmd: MAP LOAD FILE="../../../../../../Users/Mehar1/Desktop/MyHouse/Content/MyHouse.umap" TEMPLATE=0 SHOWPROGRESS=1 FEATURELEVEL=3
[2016.03.31-00.32.22:624][234]LightingResults: New page: Lighting Build
[2016.03.31-00.32.22:640][234]LoadErrors: New page: Loading map: MyHouse.umap
[2016.03.31-00.32.22:649][234]MapCheck: New page: Map Check
[2016.03.31-00.32.22:649][234]LightingResults: New page: Lighting Build
[2016.03.31-00.32.22:669][234]LogParticles: Destroying 0 GPU particle simulations for FXSystem 0x0000008C281BF7E0
[2016.03.31-00.32.22:703][234]LogAIModule: Creating AISystem for world MyHouse
[2016.03.31-00.32.22:729][234]LogEditorServer: Finished looking for orphan Actors (0.000 secs)
[2016.03.31-00.32.22:760][234]Cmd: MAP CHECKDEP NOCLEARLOG
[2016.03.31-00.32.22:816][234]MapCheck: Info Map check complete: 0 Error(s), 0 Warning(s), took 54.637ms to complete.
[2016.03.31-00.32.22:816][234]LogFileHelpers: Loading map 'MyHouse' took 0.254
[2016.03.31-00.33.26:497][616]LogEditorViewport: Clicking on Actor (CTRL LMB): BP_Sky_Sphere_C (Sky Sphere)
[2016.03.31-00.33.28:047][654]LogEditorViewport: Clicking on Actor (LMB): BP_Sky_Sphere_C (Sky Sphere)
[2016.03.31-00.33.30:629][714]LogEditorViewport: Clicking on Actor (LMB): BP_Sky_Sphere_C (Sky Sphere)
[2016.03.31-00.33.30:691][714]LogEditorViewport: Clicking on Component (LMB): StaticMeshComponent (Sky Sphere mesh)
[2016.03.31-00.33.43:034][  7]LogEditorViewport: Clicking on Actor (LMB): StaticMeshActor (door1)
[2016.03.31-00.33.48:423][131]LogEditorViewport: Clicking on Actor (LMB): StaticMeshActor (door1)
[2016.03.31-00.33.49:863][165]Cmd: DELETE
[2016.03.31-00.33.49:863][165]Cmd: ACTOR DELETE
[2016.03.31-00.33.49:865][165]LogEditorActor: Deleted Actor: StaticMeshActor
[2016.03.31-00.33.49:952][165]LogEditorActor: Deleted 1 Actors (0.088 secs)
[2016.03.31-00.34.09:225][539]Cmd: BRUSH ADD SELECTNEWBRUSH
[2016.03.31-00.34.24:758][929]LogEditorViewport: Clicking on Actor (LMB): BP_Sky_Sphere_C (Sky Sphere)
[2016.03.31-00.34.27:114][982]LogEditorViewport: Clicking on Actor (LMB): StaticMeshActor (wall1)
[2016.03.31-00.34.29:597][ 42]LogEditorViewport: Clicking on Actor (LMB): BP_Sky_Sphere_C (Sky Sphere)
[2016.03.31-00.34.36:312][133]LogWindowsTextInputMethodSystem:Display: IME system now deactivated.
[2016.03.31-00.34.36:312][133]LogWindowsTextInputMethodSystem:Display: IME system now deactivated.
[2016.03.31-00.34.36:570][134]Cmd: QUIT_EDITOR
[2016.03.31-00.34.36:922][134]LogExit: Preparing to exit.
[2016.03.31-00.34.37:766][134]LogExit: Editor shut down
[2016.03.31-00.34.37:766][134]LogExit: Transaction tracking system shut down
[2016.03.31-00.34.37:770][134]LogParticles: Destroying 0 GPU particle simulations for FXSystem 0x0000008C281BE3E0
[2016.03.31-00.34.37:770][134]LogParticles: Destroying 0 GPU particle simulations for FXSystem 0x0000008C2BCAE2A0
[2016.03.31-00.34.37:770][134]LogParticles: Destroying 0 GPU particle simulations for FXSystem 0x0000008C2D4A5760
[2016.03.31-00.34.37:770][134]LogParticles: Destroying 0 GPU particle simulations for FXSystem 0x0000008C2DF6D9E0
[2016.03.31-00.34.37:915][134]LogExit: Object subsystem successfully closed.
[2016.03.31-00.34.37:923][134]LogD3D11RHI: Shutdown
[2016.03.31-00.34.37:923][134]LogD3D11RHI: CleanupD3DDevice
[2016.03.31-00.34.37:967][134]LogD3D11RHI: ~FD3D11DynamicRHI
[2016.03.31-00.34.37:984][134]LogModuleManager: Shutting down and abandoning module CrashTracker (198)
[2016.03.31-00.34.37:984][134]LogModuleManager: Shutting down and abandoning module SceneOutliner (197)
[2016.03.31-00.34.37:984][134]LogModuleManager: Shutting down and abandoning module SuperSearch (196)
[2016.03.31-00.34.37:984][134]LogModuleManager: Shutting down and abandoning module WidgetCarousel (195)
[2016.03.31-00.34.37:984][134]LogModuleManager: Shutting down and abandoning module AddContentDialog (194)
[2016.03.31-00.34.37:985][134]LogModuleManager: Shutting down and abandoning module EditorWidgets (193)
[2016.03.31-00.34.37:985][134]LogModuleManager: Shutting down and abandoning module CollectionManager (192)
[2016.03.31-00.34.37:986][134]LogModuleManager: Shutting down and abandoning module StatsViewer (191)
[2016.03.31-00.34.37:986][134]LogModuleManager: Shutting down and abandoning module FoliageEdit (190)
[2016.03.31-00.34.37:986][134]LogModuleManager: Shutting down and abandoning module LandscapeEditor (189)
[2016.03.31-00.34.37:986][134]LogModuleManager: Shutting down and abandoning module ActorPickerMode (188)
[2016.03.31-00.34.37:986][134]LogModuleManager: Shutting down and abandoning module GeometryMode (187)
[2016.03.31-00.34.37:986][134]LogModuleManager: Shutting down and abandoning module TextureAlignMode (186)
[2016.03.31-00.34.37:986][134]LogModuleManager: Shutting down and abandoning module BspMode (185)
[2016.03.31-00.34.37:986][134]LogModuleManager: Shutting down and abandoning module PlacementMode (184)
[2016.03.31-00.34.37:986][134]LogModuleManager: Shutting down and abandoning module AutomationWorker (183)
[2016.03.31-00.34.37:986][134]LogModuleManager: Shutting down and abandoning module CharacterAI (182)
[2016.03.31-00.34.37:986][134]LogModuleManager: Shutting down and abandoning module SmartSnapping (181)
[2016.03.31-00.34.37:986][134]LogModuleManager: Shutting down and abandoning module ViewportSnapping (180)
[2016.03.31-00.34.37:986][134]LogModuleManager: Shutting down and abandoning module LogVisualizer (179)
[2016.03.31-00.34.37:986][134]LogModuleManager: Shutting down and abandoning module GameProjectGeneration (178)
[2016.03.31-00.34.37:986][134]LogModuleManager: Shutting down and abandoning module IntroTutorials (177)
[2016.03.31-00.34.37:986][134]LogModuleManager: Shutting down and abandoning module EditorLiveStreaming (176)
[2016.03.31-00.34.37:986][134]LogModuleManager: Shutting down and abandoning module IOSPlatformEditor (175)
[2016.03.31-00.34.37:986][134]LogModuleManager: Shutting down and abandoning module HTML5PlatformEditor (174)
[2016.03.31-00.34.37:986][134]LogModuleManager: Shutting down and abandoning module AndroidDeviceDetection (173)
[2016.03.31-00.34.38:979][134]LogModuleManager: Shutting down and abandoning module AndroidPlatformEditor (172)
[2016.03.31-00.34.38:980][134]LogModuleManager: Shutting down and abandoning module IOSRuntimeSettings (171)
[2016.03.31-00.34.38:980][134]LogModuleManager: Shutting down and abandoning module AndroidRuntimeSettings (170)
[2016.03.31-00.34.38:980][134]LogModuleManager: Shutting down and abandoning module MergeActors (169)
[2016.03.31-00.34.38:980][134]LogModuleManager: Shutting down and abandoning module SizeMap (168)
[2016.03.31-00.34.38:980][134]LogModuleManager: Shutting down and abandoning module TreeMap (167)
[2016.03.31-00.34.38:980][134]LogModuleManager: Shutting down and abandoning module ReferenceViewer (166)
[2016.03.31-00.34.38:980][134]LogModuleManager: Shutting down and abandoning module LocalizationService (165)
[2016.03.31-00.34.38:980][134]LogModuleManager: Shutting down and abandoning module LocalizationDashboard (164)
[2016.03.31-00.34.38:980][134]LogModuleManager: Shutting down and abandoning module HardwareTargeting (163)
[2016.03.31-00.34.38:980][134]LogModuleManager: Shutting down and abandoning module DeviceProfileEditor (162)
[2016.03.31-00.34.38:980][134]LogModuleManager: Shutting down and abandoning module UndoHistory (161)
[2016.03.31-00.34.38:980][134]LogModuleManager: Shutting down and abandoning module GameplayTagsEditor (160)
[2016.03.31-00.34.38:980][134]LogModuleManager: Shutting down and abandoning module UserFeedback (159)
[2016.03.31-00.34.38:980][134]LogModuleManager: Shutting down and abandoning module XmlParser (158)
[2016.03.31-00.34.38:980][134]LogModuleManager: Shutting down and abandoning module Blutility (157)
[2016.03.31-00.34.38:980][134]LogModuleManager: Shutting down and abandoning module ProjectTargetPlatformEditor (156)
[2016.03.31-00.34.38:981][134]LogModuleManager: Shutting down and abandoning module ProjectSettingsViewer (155)
[2016.03.31-00.34.38:981][134]LogModuleManager: Shutting down and abandoning module InputBindingEditor (154)
[2016.03.31-00.34.38:981][134]LogModuleManager: Shutting down and abandoning module EditorSettingsViewer (153)
[2016.03.31-00.34.38:981][134]LogModuleManager: Shutting down and abandoning module SettingsEditor (152)
[2016.03.31-00.34.38:981][134]LogModuleManager: Shutting down and abandoning module ProjectLauncher (151)
[2016.03.31-00.34.38:981][134]LogModuleManager: Shutting down and abandoning module SessionFrontend (150)
[2016.03.31-00.34.38:981][134]LogModuleManager: Shutting down and abandoning module ProfilerClient (149)
[2016.03.31-00.34.38:981][134]LogModuleManager: Shutting down and abandoning module TargetDeviceServices (148)
[2016.03.31-00.34.38:981][134]LogModuleManager: Shutting down and abandoning module DeviceManager (147)
[2016.03.31-00.34.38:981][134]LogModuleManager: Shutting down and abandoning module AutomationController (146)
[2016.03.31-00.34.38:982][134]LogModuleManager: Shutting down and abandoning module AutomationWindow (145)
[2016.03.31-00.34.38:982][134]LogModuleManager: Shutting down and abandoning module Layers (144)
[2016.03.31-00.34.38:982][134]LogModuleManager: Shutting down and abandoning module ComponentVisualizers (143)
[2016.03.31-00.34.38:982][134]LogModuleManager: Shutting down and abandoning module DetailCustomizations (142)
[2016.03.31-00.34.38:982][134]LogModuleManager: Shutting down and abandoning module PackagesDialog (141)
[2016.03.31-00.34.38:982][134]LogModuleManager: Shutting down and abandoning module Persona (140)
[2016.03.31-00.34.38:982][134]LogModuleManager: Shutting down and abandoning module Kismet (139)
[2016.03.31-00.34.38:982][134]LogModuleManager: Shutting down and abandoning module GraphEditor (138)
[2016.03.31-00.34.38:983][134]LogModuleManager: Shutting down and abandoning module ClassViewer (137)
[2016.03.31-00.34.38:983][134]LogModuleManager: Shutting down and abandoning module Toolbox (136)
[2016.03.31-00.34.38:983][134]LogModuleManager: Shutting down and abandoning module ModuleUI (135)
[2016.03.31-00.34.38:983][134]LogModuleManager: Shutting down and abandoning module MovieSceneTools (134)
[2016.03.31-00.34.38:983][134]LogModuleManager: Shutting down and abandoning module OutputLog (133)
[2016.03.31-00.34.38:983][134]LogModuleManager: Shutting down and abandoning module GammaUI (132)
[2016.03.31-00.34.38:983][134]LogModuleManager: Shutting down and abandoning module Documentation (131)
[2016.03.31-00.34.38:983][134]LogModuleManager: Shutting down and abandoning module GameLiveStreaming (130)
[2016.03.31-00.34.38:983][134]LogModuleManager: Shutting down and abandoning module StreamingPauseRendering (129)
[2016.03.31-00.34.38:983][134]LogModuleManager: Shutting down and abandoning module AnalyticsET (128)
[2016.03.31-00.34.38:983][134]LogModuleManager: Shutting down and abandoning module Analytics (127)
[2016.03.31-00.34.38:983][134]LogModuleManager: Shutting down and abandoning module AITestSuite (126)
[2016.03.31-00.34.38:983][134]LogModuleManager: Shutting down and abandoning module GameplayDebugger (125)
[2016.03.31-00.34.38:983][134]LogModuleManager: Shutting down and abandoning module AIModule (124)
[2016.03.31-00.34.38:983][134]LogModuleManager: Shutting down and abandoning module ProfilerService (123)
[2016.03.31-00.34.39:004][134]LogModuleManager: Shutting down and abandoning module TaskGraph (122)
[2016.03.31-00.34.39:005][134]LogModuleManager: Shutting down and abandoning module SlateRemote (121)
[2016.03.31-00.34.39:005][134]LogModuleManager: Shutting down and abandoning module SteamVRController (120)
[2016.03.31-00.34.39:005][134]LogModuleManager: Shutting down and abandoning module SteamVR (119)
[2016.03.31-00.34.39:005][134]LogModuleManager: Shutting down and abandoning module ProceduralMeshComponent (118)
[2016.03.31-00.34.39:005][134]LogModuleManager: Shutting down and abandoning module OculusLibrary (117)
[2016.03.31-00.34.39:005][134]LogModuleManager: Shutting down and abandoning module OculusInput (116)
[2016.03.31-00.34.39:005][134]LogModuleManager: Shutting down and abandoning module LeapMotionController (115)
[2016.03.31-00.34.39:066][134]LogModuleManager: Shutting down and abandoning module CustomMeshComponent (114)
[2016.03.31-00.34.39:066][134]LogModuleManager: Shutting down and abandoning module CableComponent (113)
[2016.03.31-00.34.39:066][134]LogModuleManager: Shutting down and abandoning module ArchVisCharacter (112)
[2016.03.31-00.34.39:066][134]LogModuleManager: Shutting down and abandoning module MessagingDebugger (111)
[2016.03.31-00.34.39:066][134]LogModuleManager: Shutting down and abandoning module MediaPlayerEditor (110)
[2016.03.31-00.34.39:067][134]LogModuleManager: Shutting down and abandoning module HTML5Networking (109)
[2016.03.31-00.34.39:067][134]LogModuleManager: Shutting down and abandoning module SpeedTreeImporter (108)
[2016.03.31-00.34.39:067][134]LogModuleManager: Shutting down and abandoning module PluginBrowser (107)
[2016.03.31-00.34.39:067][134]LogModuleManager: Shutting down and abandoning module EpicSurvey (106)
[2016.03.31-00.34.39:067][134]LogModuleManager: Shutting down and abandoning module DesktopPlatform (105)
[2016.03.31-00.34.39:067][134]LogModuleManager: Shutting down and abandoning module VisualStudioSourceCodeAccess (104)
[2016.03.31-00.34.39:067][134]LogModuleManager: Shutting down and abandoning module UObjectPlugin (103)
[2016.03.31-00.34.39:067][134]LogModuleManager: Shutting down and abandoning module SubversionSourceControl (102)
[2016.03.31-00.34.39:067][134]LogModuleManager: Shutting down and abandoning module PerforceSourceControl (101)
[2016.03.31-00.34.39:067][134]LogModuleManager: Shutting down and abandoning module SourceControl (100)
[2016.03.31-00.34.39:067][134]LogModuleManager: Shutting down and abandoning module GitSourceControl (99)
[2016.03.31-00.34.39:067][134]LogModuleManager: Shutting down and abandoning module LightPropagationVolumeEditor (98)
[2016.03.31-00.34.39:067][134]LogModuleManager: Shutting down and abandoning module PaperTiledImporter (97)
[2016.03.31-00.34.39:067][134]LogModuleManager: Shutting down and abandoning module PaperSpriteSheetImporter (96)
[2016.03.31-00.34.39:067][134]LogModuleManager: Shutting down and abandoning module MeshPaint (95)
[2016.03.31-00.34.39:068][134]LogModuleManager: Shutting down and abandoning module SlateReflector (94)
[2016.03.31-00.34.39:068][134]LogModuleManager: Shutting down and abandoning module HotReload (93)
[2016.03.31-00.34.39:068][134]LogModuleManager: Shutting down and abandoning module MainFrame (92)
[2016.03.31-00.34.39:068][134]LogModuleManager: Shutting down and abandoning module LevelEditor (91)
[2016.03.31-00.34.39:070][134]LogModuleManager: Shutting down and abandoning module DirectoryWatcher (90)
[2016.03.31-00.34.39:073][134]LogModuleManager: Shutting down and abandoning module AssetRegistry (89)
[2016.03.31-00.34.39:200][134]LogModuleManager: Shutting down and abandoning module ContentBrowser (88)
[2016.03.31-00.34.39:202][134]LogModuleManager: Shutting down and abandoning module Paper2DEditor (87)
[2016.03.31-00.34.39:202][134]LogModuleManager: Shutting down and abandoning module UdpMessaging (86)
[2016.03.31-00.34.39:303][134]LogModuleManager: Shutting down and abandoning module LightPropagationVolumeRuntime (85)
[2016.03.31-00.34.39:303][134]LogModuleManager: Shutting down and abandoning module Paper2D (84)
[2016.03.31-00.34.39:303][134]LogModuleManager: Shutting down and abandoning module WindowsMoviePlayer (83)
[2016.03.31-00.34.39:310][134]LogModuleManager: Shutting down and abandoning module Media (82)
[2016.03.31-00.34.39:310][134]LogModuleManager: Shutting down and abandoning module WmfMedia (81)
[2016.03.31-00.34.39:311][134]LogModuleManager: Shutting down and abandoning module OnlineBlueprintSupport (80)
[2016.03.31-00.34.39:311][134]LogModuleManager: Shutting down and abandoning module GameplayTasksEditor (79)
[2016.03.31-00.34.39:311][134]LogModuleManager: Shutting down and abandoning module PropertyEditor (78)
[2016.03.31-00.34.39:311][134]LogModuleManager: Shutting down and abandoning module BehaviorTreeEditor (77)
[2016.03.31-00.34.39:311][134]LogModuleManager: Shutting down and abandoning module FunctionalTesting (76)
[2016.03.31-00.34.39:311][134]LogModuleManager: Shutting down and abandoning module CollisionAnalyzer (75)
[2016.03.31-00.34.39:311][134]LogModuleManager: Shutting down and abandoning module WorkspaceMenuStructure (74)
[2016.03.31-00.34.39:311][134]LogModuleManager: Shutting down and abandoning module MessageLog (73)
[2016.03.31-00.34.39:311][134]LogModuleManager: Shutting down and abandoning module Sequencer (72)
[2016.03.31-00.34.39:312][134]LogModuleManager: Shutting down and abandoning module AssetTools (71)
[2016.03.31-00.34.39:312][134]LogModuleManager: Shutting down and abandoning module UMGEditor (70)
[2016.03.31-00.34.39:312][134]LogModuleManager: Shutting down and abandoning module UMG (69)
[2016.03.31-00.34.39:312][134]LogModuleManager: Shutting down and abandoning module Slate (68)
[2016.03.31-00.34.39:312][134]LogModuleManager: Shutting down and abandoning module EditorStyle (67)
[2016.03.31-00.34.39:319][134]LogModuleManager: Shutting down and abandoning module SessionServices (66)
[2016.03.31-00.34.39:319][134]LogModuleManager: Shutting down and abandoning module SourceCodeAccess (65)
[2016.03.31-00.34.39:319][134]LogModuleManager: Shutting down and abandoning module HeadMountedDisplay (64)
[2016.03.31-00.34.39:320][134]LogModuleManager: Shutting down and abandoning module XAudio2 (63)
[2016.03.31-00.34.39:320][134]LogModuleManager: Shutting down and abandoning module Networking (61)
[2016.03.31-00.34.39:320][134]LogModuleManager: Shutting down and abandoning module Core (60)
[2016.03.31-00.34.39:320][134]LogModuleManager: Shutting down and abandoning module KismetCompiler (59)
[2016.03.31-00.34.39:320][134]LogModuleManager: Shutting down and abandoning module PhysXFormats (58)
[2016.03.31-00.34.39:320][134]LogModuleManager: Shutting down and abandoning module MeshUtilities (57)
[2016.03.31-00.34.39:320][134]LogModuleManager: Shutting down and abandoning module DerivedDataCache (56)
[2016.03.31-00.34.39:394][134]LogDerivedDataCache: Shutdown
[2016.03.31-00.34.39:394][134]LogModuleManager: Shutting down and abandoning module ShaderFormatOpenGL (55)
[2016.03.31-00.34.39:394][134]LogModuleManager: Shutting down and abandoning module ShaderFormatD3D (54)
[2016.03.31-00.34.39:394][134]LogModuleManager: Shutting down and abandoning module MetalShaderFormat (53)
[2016.03.31-00.34.39:394][134]LogModuleManager: Shutting down and abandoning module TextureFormatUncompressed (52)
[2016.03.31-00.34.39:394][134]LogModuleManager: Shutting down and abandoning module TextureFormatPVR (51)
[2016.03.31-00.34.39:394][134]LogModuleManager: Shutting down and abandoning module TextureFormatIntelISPCTexComp (50)
[2016.03.31-00.34.39:394][134]LogModuleManager: Shutting down and abandoning module TextureFormatDXT (49)
[2016.03.31-00.34.39:394][134]LogModuleManager: Shutting down and abandoning module ImageWrapper (48)
[2016.03.31-00.34.39:394][134]LogModuleManager: Shutting down and abandoning module TextureFormatASTC (47)
[2016.03.31-00.34.39:394][134]LogModuleManager: Shutting down and abandoning module TextureFormatAndroid (46)
[2016.03.31-00.34.39:394][134]LogModuleManager: Shutting down and abandoning module AudioFormatOpus (45)
[2016.03.31-00.34.39:394][134]LogModuleManager: Shutting down and abandoning module AudioFormatOgg (44)
[2016.03.31-00.34.39:394][134]LogModuleManager: Shutting down and abandoning module AudioFormatADPCM (43)
[2016.03.31-00.34.39:394][134]LogModuleManager: Shutting down and abandoning module LinuxTargetPlatform (42)
[2016.03.31-00.34.39:394][134]LogModuleManager: Shutting down and abandoning module LinuxServerTargetPlatform (41)
[2016.03.31-00.34.39:394][134]LogModuleManager: Shutting down and abandoning module LinuxNoEditorTargetPlatform (40)
[2016.03.31-00.34.39:394][134]LogModuleManager: Shutting down and abandoning module Messaging (39)
[2016.03.31-00.34.39:394][134]LogModuleManager: Shutting down and abandoning module IOSTargetPlatform (38)
[2016.03.31-00.34.39:394][134]LogModuleManager: Shutting down and abandoning module HTML5TargetPlatform (37)
[2016.03.31-00.34.39:394][134]LogModuleManager: Shutting down and abandoning module Android_PVRTCTargetPlatform (36)
[2016.03.31-00.34.39:394][134]LogModuleManager: Shutting down and abandoning module Android_MultiTargetPlatform (35)
[2016.03.31-00.34.39:394][134]LogModuleManager: Shutting down and abandoning module Android_ETC2TargetPlatform (34)
[2016.03.31-00.34.39:394][134]LogModuleManager: Shutting down and abandoning module Android_ETC1TargetPlatform (33)
[2016.03.31-00.34.39:394][134]LogModuleManager: Shutting down and abandoning module Android_DXTTargetPlatform (32)
[2016.03.31-00.34.39:394][134]LogModuleManager: Shutting down and abandoning module Android_ATCTargetPlatform (31)
[2016.03.31-00.34.39:394][134]LogModuleManager: Shutting down and abandoning module Android_ASTCTargetPlatform (30)
[2016.03.31-00.34.39:394][134]LogModuleManager: Shutting down and abandoning module AndroidTargetPlatform (29)
[2016.03.31-00.34.39:394][134]LogModuleManager: Shutting down and abandoning module WindowsTargetPlatform (28)
[2016.03.31-00.34.39:394][134]LogModuleManager: Shutting down and abandoning module WindowsServerTargetPlatform (27)
[2016.03.31-00.34.39:394][134]LogModuleManager: Shutting down and abandoning module WindowsNoEditorTargetPlatform (26)
[2016.03.31-00.34.39:394][134]LogModuleManager: Shutting down and abandoning module WindowsClientTargetPlatform (25)
[2016.03.31-00.34.39:394][134]LogModuleManager: Shutting down and abandoning module AllDesktopTargetPlatform (24)
[2016.03.31-00.34.39:394][134]LogModuleManager: Shutting down and abandoning module TargetPlatform (23)
[2016.03.31-00.34.39:394][134]LogModuleManager: Shutting down and abandoning module InputCore (22)
[2016.03.31-00.34.39:394][134]LogModuleManager: Shutting down and abandoning module Settings (21)
[2016.03.31-00.34.39:394][134]LogModuleManager: Shutting down and abandoning module OnlineSubsystem (19)
[2016.03.31-00.34.39:394][134]LogModuleManager: Shutting down and abandoning module HTTP (18)
[2016.03.31-00.34.41:398][134]LogModuleManager: Shutting down and abandoning module XMPP (17)
[2016.03.31-00.34.41:398][134]LogModuleManager: Shutting down and abandoning module OculusRift (16)
[2016.03.31-00.34.41:398][134]LogModuleManager: Shutting down and abandoning module ExampleDeviceProfileSelector (15)
[2016.03.31-00.34.41:398][134]LogModuleManager: Shutting down and abandoning module TextureCompressor (14)
[2016.03.31-00.34.41:398][134]LogModuleManager: Shutting down and abandoning module ShaderCore (13)
[2016.03.31-00.34.41:398][134]LogModuleManager: Shutting down and abandoning module Landscape (12)
[2016.03.31-00.34.41:398][134]LogModuleManager: Shutting down and abandoning module SlateRHIRenderer (11)
[2016.03.31-00.34.41:399][134]LogModuleManager: Shutting down and abandoning module OpenGLDrv (10)
[2016.03.31-00.34.41:399][134]LogModuleManager: Shutting down and abandoning module D3D11RHI (9)
[2016.03.31-00.34.41:399][134]LogModuleManager: Shutting down and abandoning module AnimGraphRuntime (8)
[2016.03.31-00.34.41:399][134]LogModuleManager: Shutting down and abandoning module Renderer (7)
[2016.03.31-00.34.41:399][134]LogModuleManager: Shutting down and abandoning module Engine (6)
[2016.03.31-00.34.41:399][134]LogModuleManager: Shutting down and abandoning module CoreUObject (5)
[2016.03.31-00.34.41:399][134]LogModuleManager: Shutting down and abandoning module NetworkFile (4)
[2016.03.31-00.34.41:399][134]LogModuleManager: Shutting down and abandoning module StreamingFile (3)
[2016.03.31-00.34.41:399][134]LogModuleManager: Shutting down and abandoning module SandboxFile (2)
[2016.03.31-00.34.41:399][134]LogModuleManager: Shutting down and abandoning module PakFile (1)
[2016.03.31-00.34.41:401][134]LogExit: Exiting.
[2016.03.31-00.34.41:420][134]Log file closed, 03/30/16 19:34:41
